<?xml version="1.0" encoding="UTF-8" ?>
<testsuite errors="0" failures="0" hostname="Jeff-Palmers-MacBook-Pro.local" name="com.follett.MeetingTests" tests="1" time="0.573" timestamp="2010-12-15T00:52:30">
  <properties />
  <testcase classname="com.follett.MeetingTests" name="testConstraints" time="0.55" />
  <system-out><![CDATA[--Output from testConstraints--
]]></system-out>
  <system-err><![CDATA[--Output from testConstraints--
]]></system-err>
</testsuite>
